2008-04-21T22:00:10 starting apr-db42-1.2.8_3
2008-04-21T22:00:18 starting bash-3.2.33
2008-04-21T22:00:21 starting python25-2.5.2_1
2008-04-21T22:00:36 starting screen-4.0.3_1
2008-04-21T22:00:37 starting subversion-1.4.6_1
2008-04-21T22:01:07 starting sudo-1.6.9.15_1
2008-04-21T22:01:07 Fin.
2008-04-23T12:24:43 starting apache-2.2.8
2008-04-23T12:24:55 starting apr-db42-1.2.8_3
2008-04-23T12:25:02 starting bash-3.2.33
2008-04-23T12:25:05 starting python25-2.5.2_1
2008-04-23T12:25:18 starting screen-4.0.3_1
2008-04-23T12:25:18 starting subversion-1.4.6_1
2008-04-23T12:25:45 starting sudo-1.6.9.15_1
2008-04-23T12:25:45 starting py25-MySQLdb-1.2.2
2008-04-23T12:25:45 starting mysql-client-5.1.23
2008-04-23T12:25:45 starting mysql-server-5.1.23
2008-04-23T12:25:45 Fin.
2008-04-23T13:35:04 starting apache-2.2.8
2008-04-23T13:35:20 starting apr-db42-1.2.8_3
2008-04-23T13:35:27 starting bash-3.2.33
2008-04-23T13:35:30 starting python25-2.5.2_1
2008-04-23T13:35:46 starting screen-4.0.3_1
2008-04-23T13:35:46 starting subversion-1.4.6_1
2008-04-23T13:36:14 starting sudo-1.6.9.15_1
2008-04-23T13:36:14 starting py25-MySQLdb-1.2.2
2008-04-23T13:36:28 starting mysql-client-5.1.23
2008-04-23T13:36:28 starting mysql-server-5.1.23
2008-04-23T13:36:28 Fin.
2008-04-23T13:41:36 starting mysql-client-5.1.24
2008-04-23T13:41:37 starting mysql-server-5.1.24
2008-04-23T13:41:43 Fin.
2008-04-23T15:03:52 starting py25-MySQLdb-1.2.2
2008-04-23T15:04:06 Fin.
