2008-04-21T13:02:41 start_cvsup2mergemaster
2008-04-21T13:02:47 start cvsup
2008-04-21T14:03:15 start makeworld
2008-04-21T14:28:14 start kernelbuild
2008-04-21T14:43:37 start installworld
2008-04-23T10:00:21 start_cvsup2mergemaster
2008-04-23T10:00:27 start cvsup
2008-04-23T10:45:03 start_cvsup2mergemaster
2008-04-23T10:45:10 start cvsup
2008-04-23T10:51:33 start makeworld
2008-04-23T11:16:39 start kernelbuild
2008-04-23T11:32:10 start installworld
2008-04-23T11:33:59 finish
2008-06-25T10:42:04 start_cvsup2mergemaster
2008-06-25T10:42:08 start cvsup
2008-06-25T10:59:34 start makeworld
2008-06-25T11:24:32 start kernelbuild
2008-06-25T11:39:48 start installworld
2008-06-25T11:41:30 rebooting
2009-04-08T12:36:55 start_cvsup2mergemaster
2009-04-08T12:37:01 start cvsup
2009-04-08T13:17:13 start makeworld
2009-04-08T13:51:49 start kernelbuild
2009-04-08T14:13:40 start installworld
2009-04-08T14:14:54 rebooting
2009-08-09T16:51:09 start makeworld
2009-08-09T17:36:07 start kernelbuild
2009-08-09T18:03:15 start installworld
2009-08-09T18:03:24 rebooting
